2022-08-01T07:09:16+00:00 CRITICAL Maximum execution time of 300 seconds exceeded in C:\wamp64\www\Avocado\wp-includes\Requests\Transport\cURL.php on line 164

2022-08-01T07:24:53+00:00 CRITICAL Uncaught Error: Call to undefined function the_field() in C:\wamp64\www\Avocado\wp-content\themes\avocado\header.php:92
Stack trace:
#0 C:\wamp64\www\Avocado\wp-includes\template.php(770): require_once()
#1 C:\wamp64\www\Avocado\wp-includes\template.php(716): load_template('C:\\wamp64\\www\\A...', true, Array)
#2 C:\wamp64\www\Avocado\wp-includes\general-template.php(48): locate_template(Array, true, true, Array)
#3 C:\wamp64\www\Avocado\wp-content\themes\avocado\page.php(15): get_header()
#4 C:\wamp64\www\Avocado\wp-includes\template-loader.php(106): include('C:\\wamp64\\www\\A...')
#5 C:\wamp64\www\Avocado\wp-blog-header.php(19): require_once('C:\\wamp64\\www\\A...')
#6 C:\wamp64\www\Avocado\index.php(17): require('C:\\wamp64\\www\\A...')
#7 {main}
  thrown in C:\wamp64\www\Avocado\wp-content\themes\avocado\header.php on line 92

2022-08-01T07:25:03+00:00 CRITICAL Uncaught Error: Call to undefined function the_field() in C:\wamp64\www\Avocado\wp-content\themes\avocado\header.php:92
Stack trace:
#0 C:\wamp64\www\Avocado\wp-includes\template.php(770): require_once()
#1 C:\wamp64\www\Avocado\wp-includes\template.php(716): load_template('C:\\wamp64\\www\\A...', true, Array)
#2 C:\wamp64\www\Avocado\wp-includes\general-template.php(48): locate_template(Array, true, true, Array)
#3 C:\wamp64\www\Avocado\wp-content\themes\avocado\page.php(15): get_header()
#4 C:\wamp64\www\Avocado\wp-includes\template-loader.php(106): include('C:\\wamp64\\www\\A...')
#5 C:\wamp64\www\Avocado\wp-blog-header.php(19): require_once('C:\\wamp64\\www\\A...')
#6 C:\wamp64\www\Avocado\index.php(17): require('C:\\wamp64\\www\\A...')
#7 {main}
  thrown in C:\wamp64\www\Avocado\wp-content\themes\avocado\header.php on line 92

2022-08-01T08:03:16+00:00 CRITICAL syntax error, unexpected '\' (T_NS_SEPARATOR), expecting '(' in C:\wamp64\www\Avocado\wp-content\plugins\avocado-toolkit\avocado-widgets\avocado-hero-widget.php on line 13

2022-08-01T08:03:27+00:00 CRITICAL syntax error, unexpected 'Elementor' (T_STRING), expecting function (T_FUNCTION) or const (T_CONST) in C:\wamp64\www\Avocado\wp-content\plugins\avocado-toolkit\avocado-widgets\avocado-hero-widget.php on line 13

2022-08-01T13:53:22+00:00 CRITICAL require_once(): Failed opening required 'C:\wamp64\www\Avocado\wp-content\plugins\avocado-toolkit/avocado-widgets/Subsribe-form-widget.php' (include_path='.;C:\php\pear') in C:\wamp64\www\Avocado\wp-content\plugins\avocado-toolkit\index.php on line 146

